Analysis & Elaboration report for comp16
Mon Feb 26 19:23:38 2018
Quartus Prime Version 17.1.0 Build 590 10/25/2017 SJ Lite Edition


---------------------
; Table of Contents ;
---------------------
  1. Legal Notice
  2. Analysis & Elaboration Summary
  3. Parallel Compilation
  4. Analysis & Elaboration IP Cores Summary
  5. Parameter Settings for User Entity Instance: uart_io:inst1|uart:inst01
  6. Parameter Settings for User Entity Instance: uart_io:inst1|uart:inst01|baud_rate_gen:uart_baud
  7. Parameter Settings for User Entity Instance: uart_io:inst1|uart:inst01|transmitter:uart_tx
  8. Parameter Settings for User Entity Instance: uart_io:inst1|uart:inst01|receiver:uart_rx
  9. Parameter Settings for User Entity Instance: uart_io:inst1|io_port:inst04
 10. Parameter Settings for User Entity Instance: uart_io:inst1|io_port:inst03
 11. Parameter Settings for User Entity Instance: uart_io:inst1|io_port:inst05
 12. Parameter Settings for User Entity Instance: uart_io:inst1|io_port:inst06
 13. Parameter Settings for User Entity Instance: pll:inst10|pll_0002:pll_inst|altera_pll:altera_pll_i
 14. Parameter Settings for User Entity Instance: io_port:inst7
 15. Parameter Settings for User Entity Instance: vga_io:inst9|VGA_controller:instv1
 16. Parameter Settings for User Entity Instance: vga_io:inst9|io_port:instv3
 17. Parameter Settings for User Entity Instance: vga_io:inst9|io_port:instv4
 18. Parameter Settings for User Entity Instance: vga_io:inst9|vgaTextGen:instv2
 19. Parameter Settings for User Entity Instance: pll_vga:inst12|pll_vga_0002:pll_vga_inst|altera_pll:altera_pll_i
 20. Analysis & Elaboration Settings
 21. Analysis & Elaboration Messages
 22. Analysis & Elaboration Suppressed Messages



----------------
; Legal Notice ;
----------------
Copyright (C) 2017  Intel Corporation. All rights reserved.
Your use of Intel Corporation's design tools, logic functions 
and other software and tools, and its AMPP partner logic 
functions, and any output files from any of the foregoing 
(including device programming or simulation files), and any 
associated documentation or information are expressly subject 
to the terms and conditions of the Intel Program License 
Subscription Agreement, the Intel Quartus Prime License Agreement,
the Intel FPGA IP License Agreement, or other applicable license
agreement, including, without limitation, that your use is for
the sole purpose of programming logic devices manufactured by
Intel and sold by Intel or its authorized distributors.  Please
refer to the applicable agreement for further details.



+-----------------------------------------------------------------------------+
; Analysis & Elaboration Summary                                              ;
+-------------------------------+---------------------------------------------+
; Analysis & Elaboration Status ; Successful - Mon Feb 26 19:23:38 2018       ;
; Quartus Prime Version         ; 17.1.0 Build 590 10/25/2017 SJ Lite Edition ;
; Revision Name                 ; comp16                                      ;
; Top-level Entity Name         ; comp16                                      ;
; Family                        ; Cyclone V                                   ;
; Logic utilization (in ALMs)   ; N/A until Partition Merge                   ;
; Total registers               ; N/A until Partition Merge                   ;
; Total pins                    ; N/A until Partition Merge                   ;
; Total virtual pins            ; N/A until Partition Merge                   ;
; Total block memory bits       ; N/A until Partition Merge                   ;
; Total PLLs                    ; N/A until Partition Merge                   ;
; Total DLLs                    ; N/A until Partition Merge                   ;
+-------------------------------+---------------------------------------------+


+------------------------------------------+
; Parallel Compilation                     ;
+----------------------------+-------------+
; Processors                 ; Number      ;
+----------------------------+-------------+
; Number detected on machine ; 4           ;
; Maximum allowed            ; 4           ;
;                            ;             ;
; Average used               ; 1.00        ;
; Maximum used               ; 1           ;
;                            ;             ;
; Usage by Processor         ; % Time Used ;
;     Processor 1            ; 100.0%      ;
+----------------------------+-------------+


+----------------------------------------------------------------------------------------------------------+
; Analysis & Elaboration IP Cores Summary                                                                  ;
+--------+--------------+---------+--------------+--------------+------------------------+-----------------+
; Vendor ; IP Core Name ; Version ; Release Date ; License Type ; Entity Instance        ; IP Include File ;
+--------+--------------+---------+--------------+--------------+------------------------+-----------------+
; Altera ; altera_pll   ; 17.1    ; N/A          ; N/A          ; |comp16|pll:inst10     ; pll.v           ;
; Altera ; altera_pll   ; 17.1    ; N/A          ; N/A          ; |comp16|pll_vga:inst12 ; pll_vga.v       ;
+--------+--------------+---------+--------------+--------------+------------------------+-----------------+


+------------------------------------------------------------------------+
; Parameter Settings for User Entity Instance: uart_io:inst1|uart:inst01 ;
+----------------+----------+--------------------------------------------+
; Parameter Name ; Value    ; Type                                       ;
+----------------+----------+--------------------------------------------+
; CLK_SPEED      ; 50000000 ; Signed Integer                             ;
+----------------+----------+--------------------------------------------+
Note: In order to hide this table in the UI and the text report file, please set the "Show Parameter Settings in Synthesis Report" option in "Analysis and Synthesis Settings -> More Settings" to "Off".


+------------------------------------------------------------------------------------------------+
; Parameter Settings for User Entity Instance: uart_io:inst1|uart:inst01|baud_rate_gen:uart_baud ;
+----------------+----------+--------------------------------------------------------------------+
; Parameter Name ; Value    ; Type                                                               ;
+----------------+----------+--------------------------------------------------------------------+
; CLOCK_SPEED    ; 50000000 ; Signed Integer                                                     ;
; RX_ACC_MAX     ; 27       ; Signed Integer                                                     ;
; TX_ACC_MAX     ; 434      ; Signed Integer                                                     ;
; RX_ACC_WIDTH   ; 5        ; Signed Integer                                                     ;
; TX_ACC_WIDTH   ; 9        ; Signed Integer                                                     ;
+----------------+----------+--------------------------------------------------------------------+
Note: In order to hide this table in the UI and the text report file, please set the "Show Parameter Settings in Synthesis Report" option in "Analysis and Synthesis Settings -> More Settings" to "Off".


+--------------------------------------------------------------------------------------------+
; Parameter Settings for User Entity Instance: uart_io:inst1|uart:inst01|transmitter:uart_tx ;
+----------------+-------+-------------------------------------------------------------------+
; Parameter Name ; Value ; Type                                                              ;
+----------------+-------+-------------------------------------------------------------------+
; STATE_IDLE     ; 00    ; Unsigned Binary                                                   ;
; STATE_START    ; 01    ; Unsigned Binary                                                   ;
; STATE_DATA     ; 10    ; Unsigned Binary                                                   ;
; STATE_STOP     ; 11    ; Unsigned Binary                                                   ;
+----------------+-------+-------------------------------------------------------------------+
Note: In order to hide this table in the UI and the text report file, please set the "Show Parameter Settings in Synthesis Report" option in "Analysis and Synthesis Settings -> More Settings" to "Off".


+-----------------------------------------------------------------------------------------+
; Parameter Settings for User Entity Instance: uart_io:inst1|uart:inst01|receiver:uart_rx ;
+----------------+-------+----------------------------------------------------------------+
; Parameter Name ; Value ; Type                                                           ;
+----------------+-------+----------------------------------------------------------------+
; RX_STATE_START ; 00    ; Unsigned Binary                                                ;
; RX_STATE_DATA  ; 01    ; Unsigned Binary                                                ;
; RX_STATE_STOP  ; 10    ; Unsigned Binary                                                ;
+----------------+-------+----------------------------------------------------------------+
Note: In order to hide this table in the UI and the text report file, please set the "Show Parameter Settings in Synthesis Report" option in "Analysis and Synthesis Settings -> More Settings" to "Off".


+---------------------------------------------------------------------------+
; Parameter Settings for User Entity Instance: uart_io:inst1|io_port:inst04 ;
+----------------+-------+--------------------------------------------------+
; Parameter Name ; Value ; Type                                             ;
+----------------+-------+--------------------------------------------------+
; io_port        ; 3     ; Signed Integer                                   ;
+----------------+-------+--------------------------------------------------+
Note: In order to hide this table in the UI and the text report file, please set the "Show Parameter Settings in Synthesis Report" option in "Analysis and Synthesis Settings -> More Settings" to "Off".


+---------------------------------------------------------------------------+
; Parameter Settings for User Entity Instance: uart_io:inst1|io_port:inst03 ;
+----------------+-------+--------------------------------------------------+
; Parameter Name ; Value ; Type                                             ;
+----------------+-------+--------------------------------------------------+
; io_port        ; 1     ; Signed Integer                                   ;
+----------------+-------+--------------------------------------------------+
Note: In order to hide this table in the UI and the text report file, please set the "Show Parameter Settings in Synthesis Report" option in "Analysis and Synthesis Settings -> More Settings" to "Off".


+---------------------------------------------------------------------------+
; Parameter Settings for User Entity Instance: uart_io:inst1|io_port:inst05 ;
+----------------+-------+--------------------------------------------------+
; Parameter Name ; Value ; Type                                             ;
+----------------+-------+--------------------------------------------------+
; io_port        ; 2     ; Signed Integer                                   ;
+----------------+-------+--------------------------------------------------+
Note: In order to hide this table in the UI and the text report file, please set the "Show Parameter Settings in Synthesis Report" option in "Analysis and Synthesis Settings -> More Settings" to "Off".


+---------------------------------------------------------------------------+
; Parameter Settings for User Entity Instance: uart_io:inst1|io_port:inst06 ;
+----------------+-------+--------------------------------------------------+
; Parameter Name ; Value ; Type                                             ;
+----------------+-------+--------------------------------------------------+
; io_port        ; 4     ; Signed Integer                                   ;
+----------------+-------+--------------------------------------------------+
Note: In order to hide this table in the UI and the text report file, please set the "Show Parameter Settings in Synthesis Report" option in "Analysis and Synthesis Settings -> More Settings" to "Off".


+---------------------------------------------------------------------------------------------------+
; Parameter Settings for User Entity Instance: pll:inst10|pll_0002:pll_inst|altera_pll:altera_pll_i ;
+--------------------------------------+------------------------+-----------------------------------+
; Parameter Name                       ; Value                  ; Type                              ;
+--------------------------------------+------------------------+-----------------------------------+
; reference_clock_frequency            ; 50.0 MHz               ; String                            ;
; fractional_vco_multiplier            ; false                  ; String                            ;
; pll_type                             ; General                ; String                            ;
; pll_subtype                          ; General                ; String                            ;
; number_of_clocks                     ; 2                      ; Signed Integer                    ;
; operation_mode                       ; direct                 ; String                            ;
; deserialization_factor               ; 4                      ; Signed Integer                    ;
; data_rate                            ; 0                      ; Signed Integer                    ;
; sim_additional_refclk_cycles_to_lock ; 0                      ; Signed Integer                    ;
; output_clock_frequency0              ; 50.000000 MHz          ; String                            ;
; phase_shift0                         ; 0 ps                   ; String                            ;
; duty_cycle0                          ; 50                     ; Signed Integer                    ;
; output_clock_frequency1              ; 50.000000 MHz          ; String                            ;
; phase_shift1                         ; 10000 ps               ; String                            ;
; duty_cycle1                          ; 50                     ; Signed Integer                    ;
; output_clock_frequency2              ; 0 MHz                  ; String                            ;
; phase_shift2                         ; 0 ps                   ; String                            ;
; duty_cycle2                          ; 50                     ; Signed Integer                    ;
; output_clock_frequency3              ; 0 MHz                  ; String                            ;
; phase_shift3                         ; 0 ps                   ; String                            ;
; duty_cycle3                          ; 50                     ; Signed Integer                    ;
; output_clock_frequency4              ; 0 MHz                  ; String                            ;
; phase_shift4                         ; 0 ps                   ; String                            ;
; duty_cycle4                          ; 50                     ; Signed Integer                    ;
; output_clock_frequency5              ; 0 MHz                  ; String                            ;
; phase_shift5                         ; 0 ps                   ; String                            ;
; duty_cycle5                          ; 50                     ; Signed Integer                    ;
; output_clock_frequency6              ; 0 MHz                  ; String                            ;
; phase_shift6                         ; 0 ps                   ; String                            ;
; duty_cycle6                          ; 50                     ; Signed Integer                    ;
; output_clock_frequency7              ; 0 MHz                  ; String                            ;
; phase_shift7                         ; 0 ps                   ; String                            ;
; duty_cycle7                          ; 50                     ; Signed Integer                    ;
; output_clock_frequency8              ; 0 MHz                  ; String                            ;
; phase_shift8                         ; 0 ps                   ; String                            ;
; duty_cycle8                          ; 50                     ; Signed Integer                    ;
; output_clock_frequency9              ; 0 MHz                  ; String                            ;
; phase_shift9                         ; 0 ps                   ; String                            ;
; duty_cycle9                          ; 50                     ; Signed Integer                    ;
; output_clock_frequency10             ; 0 MHz                  ; String                            ;
; phase_shift10                        ; 0 ps                   ; String                            ;
; duty_cycle10                         ; 50                     ; Signed Integer                    ;
; output_clock_frequency11             ; 0 MHz                  ; String                            ;
; phase_shift11                        ; 0 ps                   ; String                            ;
; duty_cycle11                         ; 50                     ; Signed Integer                    ;
; output_clock_frequency12             ; 0 MHz                  ; String                            ;
; phase_shift12                        ; 0 ps                   ; String                            ;
; duty_cycle12                         ; 50                     ; Signed Integer                    ;
; output_clock_frequency13             ; 0 MHz                  ; String                            ;
; phase_shift13                        ; 0 ps                   ; String                            ;
; duty_cycle13                         ; 50                     ; Signed Integer                    ;
; output_clock_frequency14             ; 0 MHz                  ; String                            ;
; phase_shift14                        ; 0 ps                   ; String                            ;
; duty_cycle14                         ; 50                     ; Signed Integer                    ;
; output_clock_frequency15             ; 0 MHz                  ; String                            ;
; phase_shift15                        ; 0 ps                   ; String                            ;
; duty_cycle15                         ; 50                     ; Signed Integer                    ;
; output_clock_frequency16             ; 0 MHz                  ; String                            ;
; phase_shift16                        ; 0 ps                   ; String                            ;
; duty_cycle16                         ; 50                     ; Signed Integer                    ;
; output_clock_frequency17             ; 0 MHz                  ; String                            ;
; phase_shift17                        ; 0 ps                   ; String                            ;
; duty_cycle17                         ; 50                     ; Signed Integer                    ;
; clock_name_0                         ;                        ; String                            ;
; clock_name_1                         ;                        ; String                            ;
; clock_name_2                         ;                        ; String                            ;
; clock_name_3                         ;                        ; String                            ;
; clock_name_4                         ;                        ; String                            ;
; clock_name_5                         ;                        ; String                            ;
; clock_name_6                         ;                        ; String                            ;
; clock_name_7                         ;                        ; String                            ;
; clock_name_8                         ;                        ; String                            ;
; clock_name_global_0                  ; false                  ; String                            ;
; clock_name_global_1                  ; false                  ; String                            ;
; clock_name_global_2                  ; false                  ; String                            ;
; clock_name_global_3                  ; false                  ; String                            ;
; clock_name_global_4                  ; false                  ; String                            ;
; clock_name_global_5                  ; false                  ; String                            ;
; clock_name_global_6                  ; false                  ; String                            ;
; clock_name_global_7                  ; false                  ; String                            ;
; clock_name_global_8                  ; false                  ; String                            ;
; m_cnt_hi_div                         ; 1                      ; Signed Integer                    ;
; m_cnt_lo_div                         ; 1                      ; Signed Integer                    ;
; m_cnt_bypass_en                      ; false                  ; String                            ;
; m_cnt_odd_div_duty_en                ; false                  ; String                            ;
; n_cnt_hi_div                         ; 1                      ; Signed Integer                    ;
; n_cnt_lo_div                         ; 1                      ; Signed Integer                    ;
; n_cnt_bypass_en                      ; false                  ; String                            ;
; n_cnt_odd_div_duty_en                ; false                  ; String                            ;
; c_cnt_hi_div0                        ; 1                      ; Signed Integer                    ;
; c_cnt_lo_div0                        ; 1                      ; Signed Integer                    ;
; c_cnt_bypass_en0                     ; false                  ; String                            ;
; c_cnt_in_src0                        ; ph_mux_clk             ; String                            ;
; c_cnt_odd_div_duty_en0               ; false                  ; String                            ;
; c_cnt_prst0                          ; 1                      ; Signed Integer                    ;
; c_cnt_ph_mux_prst0                   ; 0                      ; Signed Integer                    ;
; c_cnt_hi_div1                        ; 1                      ; Signed Integer                    ;
; c_cnt_lo_div1                        ; 1                      ; Signed Integer                    ;
; c_cnt_bypass_en1                     ; false                  ; String                            ;
; c_cnt_in_src1                        ; ph_mux_clk             ; String                            ;
; c_cnt_odd_div_duty_en1               ; false                  ; String                            ;
; c_cnt_prst1                          ; 1                      ; Signed Integer                    ;
; c_cnt_ph_mux_prst1                   ; 0                      ; Signed Integer                    ;
; c_cnt_hi_div2                        ; 1                      ; Signed Integer                    ;
; c_cnt_lo_div2                        ; 1                      ; Signed Integer                    ;
; c_cnt_bypass_en2                     ; false                  ; String                            ;
; c_cnt_in_src2                        ; ph_mux_clk             ; String                            ;
; c_cnt_odd_div_duty_en2               ; false                  ; String                            ;
; c_cnt_prst2                          ; 1                      ; Signed Integer                    ;
; c_cnt_ph_mux_prst2                   ; 0                      ; Signed Integer                    ;
; c_cnt_hi_div3                        ; 1                      ; Signed Integer                    ;
; c_cnt_lo_div3                        ; 1                      ; Signed Integer                    ;
; c_cnt_bypass_en3                     ; false                  ; String                            ;
; c_cnt_in_src3                        ; ph_mux_clk             ; String                            ;
; c_cnt_odd_div_duty_en3               ; false                  ; String                            ;
; c_cnt_prst3                          ; 1                      ; Signed Integer                    ;
; c_cnt_ph_mux_prst3                   ; 0                      ; Signed Integer                    ;
; c_cnt_hi_div4                        ; 1                      ; Signed Integer                    ;
; c_cnt_lo_div4                        ; 1                      ; Signed Integer                    ;
; c_cnt_bypass_en4                     ; false                  ; String                            ;
; c_cnt_in_src4                        ; ph_mux_clk             ; String                            ;
; c_cnt_odd_div_duty_en4               ; false                  ; String                            ;
; c_cnt_prst4                          ; 1                      ; Signed Integer                    ;
; c_cnt_ph_mux_prst4                   ; 0                      ; Signed Integer                    ;
; c_cnt_hi_div5                        ; 1                      ; Signed Integer                    ;
; c_cnt_lo_div5                        ; 1                      ; Signed Integer                    ;
; c_cnt_bypass_en5                     ; false                  ; String                            ;
; c_cnt_in_src5                        ; ph_mux_clk             ; String                            ;
; c_cnt_odd_div_duty_en5               ; false                  ; String                            ;
; c_cnt_prst5                          ; 1                      ; Signed Integer                    ;
; c_cnt_ph_mux_prst5                   ; 0                      ; Signed Integer                    ;
; c_cnt_hi_div6                        ; 1                      ; Signed Integer                    ;
; c_cnt_lo_div6                        ; 1                      ; Signed Integer                    ;
; c_cnt_bypass_en6                     ; false                  ; String                            ;
; c_cnt_in_src6                        ; ph_mux_clk             ; String                            ;
; c_cnt_odd_div_duty_en6               ; false                  ; String                            ;
; c_cnt_prst6                          ; 1                      ; Signed Integer                    ;
; c_cnt_ph_mux_prst6                   ; 0                      ; Signed Integer                    ;
; c_cnt_hi_div7                        ; 1                      ; Signed Integer                    ;
; c_cnt_lo_div7                        ; 1                      ; Signed Integer                    ;
; c_cnt_bypass_en7                     ; false                  ; String                            ;
; c_cnt_in_src7                        ; ph_mux_clk             ; String                            ;
; c_cnt_odd_div_duty_en7               ; false                  ; String                            ;
; c_cnt_prst7                          ; 1                      ; Signed Integer                    ;
; c_cnt_ph_mux_prst7                   ; 0                      ; Signed Integer                    ;
; c_cnt_hi_div8                        ; 1                      ; Signed Integer                    ;
; c_cnt_lo_div8                        ; 1                      ; Signed Integer                    ;
; c_cnt_bypass_en8                     ; false                  ; String                            ;
; c_cnt_in_src8                        ; ph_mux_clk             ; String                            ;
; c_cnt_odd_div_duty_en8               ; false                  ; String                            ;
; c_cnt_prst8                          ; 1                      ; Signed Integer                    ;
; c_cnt_ph_mux_prst8                   ; 0                      ; Signed Integer                    ;
; c_cnt_hi_div9                        ; 1                      ; Signed Integer                    ;
; c_cnt_lo_div9                        ; 1                      ; Signed Integer                    ;
; c_cnt_bypass_en9                     ; false                  ; String                            ;
; c_cnt_in_src9                        ; ph_mux_clk             ; String                            ;
; c_cnt_odd_div_duty_en9               ; false                  ; String                            ;
; c_cnt_prst9                          ; 1                      ; Signed Integer                    ;
; c_cnt_ph_mux_prst9                   ; 0                      ; Signed Integer                    ;
; c_cnt_hi_div10                       ; 1                      ; Signed Integer                    ;
; c_cnt_lo_div10                       ; 1                      ; Signed Integer                    ;
; c_cnt_bypass_en10                    ; false                  ; String                            ;
; c_cnt_in_src10                       ; ph_mux_clk             ; String                            ;
; c_cnt_odd_div_duty_en10              ; false                  ; String                            ;
; c_cnt_prst10                         ; 1                      ; Signed Integer                    ;
; c_cnt_ph_mux_prst10                  ; 0                      ; Signed Integer                    ;
; c_cnt_hi_div11                       ; 1                      ; Signed Integer                    ;
; c_cnt_lo_div11                       ; 1                      ; Signed Integer                    ;
; c_cnt_bypass_en11                    ; false                  ; String                            ;
; c_cnt_in_src11                       ; ph_mux_clk             ; String                            ;
; c_cnt_odd_div_duty_en11              ; false                  ; String                            ;
; c_cnt_prst11                         ; 1                      ; Signed Integer                    ;
; c_cnt_ph_mux_prst11                  ; 0                      ; Signed Integer                    ;
; c_cnt_hi_div12                       ; 1                      ; Signed Integer                    ;
; c_cnt_lo_div12                       ; 1                      ; Signed Integer                    ;
; c_cnt_bypass_en12                    ; false                  ; String                            ;
; c_cnt_in_src12                       ; ph_mux_clk             ; String                            ;
; c_cnt_odd_div_duty_en12              ; false                  ; String                            ;
; c_cnt_prst12                         ; 1                      ; Signed Integer                    ;
; c_cnt_ph_mux_prst12                  ; 0                      ; Signed Integer                    ;
; c_cnt_hi_div13                       ; 1                      ; Signed Integer                    ;
; c_cnt_lo_div13                       ; 1                      ; Signed Integer                    ;
; c_cnt_bypass_en13                    ; false                  ; String                            ;
; c_cnt_in_src13                       ; ph_mux_clk             ; String                            ;
; c_cnt_odd_div_duty_en13              ; false                  ; String                            ;
; c_cnt_prst13                         ; 1                      ; Signed Integer                    ;
; c_cnt_ph_mux_prst13                  ; 0                      ; Signed Integer                    ;
; c_cnt_hi_div14                       ; 1                      ; Signed Integer                    ;
; c_cnt_lo_div14                       ; 1                      ; Signed Integer                    ;
; c_cnt_bypass_en14                    ; false                  ; String                            ;
; c_cnt_in_src14                       ; ph_mux_clk             ; String                            ;
; c_cnt_odd_div_duty_en14              ; false                  ; String                            ;
; c_cnt_prst14                         ; 1                      ; Signed Integer                    ;
; c_cnt_ph_mux_prst14                  ; 0                      ; Signed Integer                    ;
; c_cnt_hi_div15                       ; 1                      ; Signed Integer                    ;
; c_cnt_lo_div15                       ; 1                      ; Signed Integer                    ;
; c_cnt_bypass_en15                    ; false                  ; String                            ;
; c_cnt_in_src15                       ; ph_mux_clk             ; String                            ;
; c_cnt_odd_div_duty_en15              ; false                  ; String                            ;
; c_cnt_prst15                         ; 1                      ; Signed Integer                    ;
; c_cnt_ph_mux_prst15                  ; 0                      ; Signed Integer                    ;
; c_cnt_hi_div16                       ; 1                      ; Signed Integer                    ;
; c_cnt_lo_div16                       ; 1                      ; Signed Integer                    ;
; c_cnt_bypass_en16                    ; false                  ; String                            ;
; c_cnt_in_src16                       ; ph_mux_clk             ; String                            ;
; c_cnt_odd_div_duty_en16              ; false                  ; String                            ;
; c_cnt_prst16                         ; 1                      ; Signed Integer                    ;
; c_cnt_ph_mux_prst16                  ; 0                      ; Signed Integer                    ;
; c_cnt_hi_div17                       ; 1                      ; Signed Integer                    ;
; c_cnt_lo_div17                       ; 1                      ; Signed Integer                    ;
; c_cnt_bypass_en17                    ; false                  ; String                            ;
; c_cnt_in_src17                       ; ph_mux_clk             ; String                            ;
; c_cnt_odd_div_duty_en17              ; false                  ; String                            ;
; c_cnt_prst17                         ; 1                      ; Signed Integer                    ;
; c_cnt_ph_mux_prst17                  ; 0                      ; Signed Integer                    ;
; pll_vco_div                          ; 1                      ; Signed Integer                    ;
; pll_slf_rst                          ; false                  ; String                            ;
; pll_bw_sel                           ; low                    ; String                            ;
; pll_output_clk_frequency             ; 0 MHz                  ; String                            ;
; pll_cp_current                       ; 0                      ; Signed Integer                    ;
; pll_bwctrl                           ; 0                      ; Signed Integer                    ;
; pll_fractional_division              ; 1                      ; Signed Integer                    ;
; pll_fractional_cout                  ; 24                     ; Signed Integer                    ;
; pll_dsm_out_sel                      ; 1st_order              ; String                            ;
; mimic_fbclk_type                     ; gclk                   ; String                            ;
; pll_fbclk_mux_1                      ; glb                    ; String                            ;
; pll_fbclk_mux_2                      ; fb_1                   ; String                            ;
; pll_m_cnt_in_src                     ; ph_mux_clk             ; String                            ;
; pll_vcoph_div                        ; 1                      ; Signed Integer                    ;
; refclk1_frequency                    ; 0 MHz                  ; String                            ;
; pll_clkin_0_src                      ; clk_0                  ; String                            ;
; pll_clkin_1_src                      ; clk_0                  ; String                            ;
; pll_clk_loss_sw_en                   ; false                  ; String                            ;
; pll_auto_clk_sw_en                   ; false                  ; String                            ;
; pll_manu_clk_sw_en                   ; false                  ; String                            ;
; pll_clk_sw_dly                       ; 0                      ; Signed Integer                    ;
; pll_extclk_0_cnt_src                 ; pll_extclk_cnt_src_vss ; String                            ;
; pll_extclk_1_cnt_src                 ; pll_extclk_cnt_src_vss ; String                            ;
+--------------------------------------+------------------------+-----------------------------------+
Note: In order to hide this table in the UI and the text report file, please set the "Show Parameter Settings in Synthesis Report" option in "Analysis and Synthesis Settings -> More Settings" to "Off".


+------------------------------------------------------------+
; Parameter Settings for User Entity Instance: io_port:inst7 ;
+----------------+-------+-----------------------------------+
; Parameter Name ; Value ; Type                              ;
+----------------+-------+-----------------------------------+
; io_port        ; 0     ; Signed Integer                    ;
+----------------+-------+-----------------------------------+
Note: In order to hide this table in the UI and the text report file, please set the "Show Parameter Settings in Synthesis Report" option in "Analysis and Synthesis Settings -> More Settings" to "Off".


+---------------------------------------------------------------------------------+
; Parameter Settings for User Entity Instance: vga_io:inst9|VGA_controller:instv1 ;
+----------------+----------------------------------+-----------------------------+
; Parameter Name ; Value                            ; Type                        ;
+----------------+----------------------------------+-----------------------------+
; h_pls          ; 00000000000000000000000001100000 ; Unsigned Binary             ;
; h_fp           ; 00000000000000000000000000010000 ; Unsigned Binary             ;
; h_bp           ; 00000000000000000000000000110000 ; Unsigned Binary             ;
; h_pxls         ; 00000000000000000000001010000000 ; Unsigned Binary             ;
; h_pol          ; 0                                ; Unsigned Binary             ;
; v_pls          ; 00000000000000000000000000000010 ; Unsigned Binary             ;
; v_fp           ; 00000000000000000000000000001100 ; Unsigned Binary             ;
; v_bp           ; 00000000000000000000000000100011 ; Unsigned Binary             ;
; v_pxls         ; 00000000000000000000000110010000 ; Unsigned Binary             ;
; v_pol          ; 1                                ; Unsigned Binary             ;
; h_per          ; 00000000000000000000001100100000 ; Unsigned Binary             ;
; v_per          ; 00000000000000000000000111000001 ; Unsigned Binary             ;
+----------------+----------------------------------+-----------------------------+
Note: In order to hide this table in the UI and the text report file, please set the "Show Parameter Settings in Synthesis Report" option in "Analysis and Synthesis Settings -> More Settings" to "Off".


+--------------------------------------------------------------------------+
; Parameter Settings for User Entity Instance: vga_io:inst9|io_port:instv3 ;
+----------------+-------+-------------------------------------------------+
; Parameter Name ; Value ; Type                                            ;
+----------------+-------+-------------------------------------------------+
; io_port        ; 5     ; Signed Integer                                  ;
+----------------+-------+-------------------------------------------------+
Note: In order to hide this table in the UI and the text report file, please set the "Show Parameter Settings in Synthesis Report" option in "Analysis and Synthesis Settings -> More Settings" to "Off".


+--------------------------------------------------------------------------+
; Parameter Settings for User Entity Instance: vga_io:inst9|io_port:instv4 ;
+----------------+-------+-------------------------------------------------+
; Parameter Name ; Value ; Type                                            ;
+----------------+-------+-------------------------------------------------+
; io_port        ; 6     ; Signed Integer                                  ;
+----------------+-------+-------------------------------------------------+
Note: In order to hide this table in the UI and the text report file, please set the "Show Parameter Settings in Synthesis Report" option in "Analysis and Synthesis Settings -> More Settings" to "Off".


+-----------------------------------------------------------------------------+
; Parameter Settings for User Entity Instance: vga_io:inst9|vgaTextGen:instv2 ;
+------------------+--------------+-------------------------------------------+
; Parameter Name   ; Value        ; Type                                      ;
+------------------+--------------+-------------------------------------------+
; CHARSET_MEM_FILE ; charset.txt  ; String                                    ;
; TEXT_MEM_FILE    ; txt_init.txt ; String                                    ;
+------------------+--------------+-------------------------------------------+
Note: In order to hide this table in the UI and the text report file, please set the "Show Parameter Settings in Synthesis Report" option in "Analysis and Synthesis Settings -> More Settings" to "Off".


+---------------------------------------------------------------------------------------------------------------+
; Parameter Settings for User Entity Instance: pll_vga:inst12|pll_vga_0002:pll_vga_inst|altera_pll:altera_pll_i ;
+--------------------------------------+------------------------+-----------------------------------------------+
; Parameter Name                       ; Value                  ; Type                                          ;
+--------------------------------------+------------------------+-----------------------------------------------+
; reference_clock_frequency            ; 50.0 MHz               ; String                                        ;
; fractional_vco_multiplier            ; false                  ; String                                        ;
; pll_type                             ; General                ; String                                        ;
; pll_subtype                          ; General                ; String                                        ;
; number_of_clocks                     ; 2                      ; Signed Integer                                ;
; operation_mode                       ; direct                 ; String                                        ;
; deserialization_factor               ; 4                      ; Signed Integer                                ;
; data_rate                            ; 0                      ; Signed Integer                                ;
; sim_additional_refclk_cycles_to_lock ; 0                      ; Signed Integer                                ;
; output_clock_frequency0              ; 25.175644 MHz          ; String                                        ;
; phase_shift0                         ; 0 ps                   ; String                                        ;
; duty_cycle0                          ; 50                     ; Signed Integer                                ;
; output_clock_frequency1              ; 25.175644 MHz          ; String                                        ;
; phase_shift1                         ; 29791 ps               ; String                                        ;
; duty_cycle1                          ; 50                     ; Signed Integer                                ;
; output_clock_frequency2              ; 0 MHz                  ; String                                        ;
; phase_shift2                         ; 0 ps                   ; String                                        ;
; duty_cycle2                          ; 50                     ; Signed Integer                                ;
; output_clock_frequency3              ; 0 MHz                  ; String                                        ;
; phase_shift3                         ; 0 ps                   ; String                                        ;
; duty_cycle3                          ; 50                     ; Signed Integer                                ;
; output_clock_frequency4              ; 0 MHz                  ; String                                        ;
; phase_shift4                         ; 0 ps                   ; String                                        ;
; duty_cycle4                          ; 50                     ; Signed Integer                                ;
; output_clock_frequency5              ; 0 MHz                  ; String                                        ;
; phase_shift5                         ; 0 ps                   ; String                                        ;
; duty_cycle5                          ; 50                     ; Signed Integer                                ;
; output_clock_frequency6              ; 0 MHz                  ; String                                        ;
; phase_shift6                         ; 0 ps                   ; String                                        ;
; duty_cycle6                          ; 50                     ; Signed Integer                                ;
; output_clock_frequency7              ; 0 MHz                  ; String                                        ;
; phase_shift7                         ; 0 ps                   ; String                                        ;
; duty_cycle7                          ; 50                     ; Signed Integer                                ;
; output_clock_frequency8              ; 0 MHz                  ; String                                        ;
; phase_shift8                         ; 0 ps                   ; String                                        ;
; duty_cycle8                          ; 50                     ; Signed Integer                                ;
; output_clock_frequency9              ; 0 MHz                  ; String                                        ;
; phase_shift9                         ; 0 ps                   ; String                                        ;
; duty_cycle9                          ; 50                     ; Signed Integer                                ;
; output_clock_frequency10             ; 0 MHz                  ; String                                        ;
; phase_shift10                        ; 0 ps                   ; String                                        ;
; duty_cycle10                         ; 50                     ; Signed Integer                                ;
; output_clock_frequency11             ; 0 MHz                  ; String                                        ;
; phase_shift11                        ; 0 ps                   ; String                                        ;
; duty_cycle11                         ; 50                     ; Signed Integer                                ;
; output_clock_frequency12             ; 0 MHz                  ; String                                        ;
; phase_shift12                        ; 0 ps                   ; String                                        ;
; duty_cycle12                         ; 50                     ; Signed Integer                                ;
; output_clock_frequency13             ; 0 MHz                  ; String                                        ;
; phase_shift13                        ; 0 ps                   ; String                                        ;
; duty_cycle13                         ; 50                     ; Signed Integer                                ;
; output_clock_frequency14             ; 0 MHz                  ; String                                        ;
; phase_shift14                        ; 0 ps                   ; String                                        ;
; duty_cycle14                         ; 50                     ; Signed Integer                                ;
; output_clock_frequency15             ; 0 MHz                  ; String                                        ;
; phase_shift15                        ; 0 ps                   ; String                                        ;
; duty_cycle15                         ; 50                     ; Signed Integer                                ;
; output_clock_frequency16             ; 0 MHz                  ; String                                        ;
; phase_shift16                        ; 0 ps                   ; String                                        ;
; duty_cycle16                         ; 50                     ; Signed Integer                                ;
; output_clock_frequency17             ; 0 MHz                  ; String                                        ;
; phase_shift17                        ; 0 ps                   ; String                                        ;
; duty_cycle17                         ; 50                     ; Signed Integer                                ;
; clock_name_0                         ;                        ; String                                        ;
; clock_name_1                         ;                        ; String                                        ;
; clock_name_2                         ;                        ; String                                        ;
; clock_name_3                         ;                        ; String                                        ;
; clock_name_4                         ;                        ; String                                        ;
; clock_name_5                         ;                        ; String                                        ;
; clock_name_6                         ;                        ; String                                        ;
; clock_name_7                         ;                        ; String                                        ;
; clock_name_8                         ;                        ; String                                        ;
; clock_name_global_0                  ; false                  ; String                                        ;
; clock_name_global_1                  ; false                  ; String                                        ;
; clock_name_global_2                  ; false                  ; String                                        ;
; clock_name_global_3                  ; false                  ; String                                        ;
; clock_name_global_4                  ; false                  ; String                                        ;
; clock_name_global_5                  ; false                  ; String                                        ;
; clock_name_global_6                  ; false                  ; String                                        ;
; clock_name_global_7                  ; false                  ; String                                        ;
; clock_name_global_8                  ; false                  ; String                                        ;
; m_cnt_hi_div                         ; 1                      ; Signed Integer                                ;
; m_cnt_lo_div                         ; 1                      ; Signed Integer                                ;
; m_cnt_bypass_en                      ; false                  ; String                                        ;
; m_cnt_odd_div_duty_en                ; false                  ; String                                        ;
; n_cnt_hi_div                         ; 1                      ; Signed Integer                                ;
; n_cnt_lo_div                         ; 1                      ; Signed Integer                                ;
; n_cnt_bypass_en                      ; false                  ; String                                        ;
; n_cnt_odd_div_duty_en                ; false                  ; String                                        ;
; c_cnt_hi_div0                        ; 1                      ; Signed Integer                                ;
; c_cnt_lo_div0                        ; 1                      ; Signed Integer                                ;
; c_cnt_bypass_en0                     ; false                  ; String                                        ;
; c_cnt_in_src0                        ; ph_mux_clk             ; String                                        ;
; c_cnt_odd_div_duty_en0               ; false                  ; String                                        ;
; c_cnt_prst0                          ; 1                      ; Signed Integer                                ;
; c_cnt_ph_mux_prst0                   ; 0                      ; Signed Integer                                ;
; c_cnt_hi_div1                        ; 1                      ; Signed Integer                                ;
; c_cnt_lo_div1                        ; 1                      ; Signed Integer                                ;
; c_cnt_bypass_en1                     ; false                  ; String                                        ;
; c_cnt_in_src1                        ; ph_mux_clk             ; String                                        ;
; c_cnt_odd_div_duty_en1               ; false                  ; String                                        ;
; c_cnt_prst1                          ; 1                      ; Signed Integer                                ;
; c_cnt_ph_mux_prst1                   ; 0                      ; Signed Integer                                ;
; c_cnt_hi_div2                        ; 1                      ; Signed Integer                                ;
; c_cnt_lo_div2                        ; 1                      ; Signed Integer                                ;
; c_cnt_bypass_en2                     ; false                  ; String                                        ;
; c_cnt_in_src2                        ; ph_mux_clk             ; String                                        ;
; c_cnt_odd_div_duty_en2               ; false                  ; String                                        ;
; c_cnt_prst2                          ; 1                      ; Signed Integer                                ;
; c_cnt_ph_mux_prst2                   ; 0                      ; Signed Integer                                ;
; c_cnt_hi_div3                        ; 1                      ; Signed Integer                                ;
; c_cnt_lo_div3                        ; 1                      ; Signed Integer                                ;
; c_cnt_bypass_en3                     ; false                  ; String                                        ;
; c_cnt_in_src3                        ; ph_mux_clk             ; String                                        ;
; c_cnt_odd_div_duty_en3               ; false                  ; String                                        ;
; c_cnt_prst3                          ; 1                      ; Signed Integer                                ;
; c_cnt_ph_mux_prst3                   ; 0                      ; Signed Integer                                ;
; c_cnt_hi_div4                        ; 1                      ; Signed Integer                                ;
; c_cnt_lo_div4                        ; 1                      ; Signed Integer                                ;
; c_cnt_bypass_en4                     ; false                  ; String                                        ;
; c_cnt_in_src4                        ; ph_mux_clk             ; String                                        ;
; c_cnt_odd_div_duty_en4               ; false                  ; String                                        ;
; c_cnt_prst4                          ; 1                      ; Signed Integer                                ;
; c_cnt_ph_mux_prst4                   ; 0                      ; Signed Integer                                ;
; c_cnt_hi_div5                        ; 1                      ; Signed Integer                                ;
; c_cnt_lo_div5                        ; 1                      ; Signed Integer                                ;
; c_cnt_bypass_en5                     ; false                  ; String                                        ;
; c_cnt_in_src5                        ; ph_mux_clk             ; String                                        ;
; c_cnt_odd_div_duty_en5               ; false                  ; String                                        ;
; c_cnt_prst5                          ; 1                      ; Signed Integer                                ;
; c_cnt_ph_mux_prst5                   ; 0                      ; Signed Integer                                ;
; c_cnt_hi_div6                        ; 1                      ; Signed Integer                                ;
; c_cnt_lo_div6                        ; 1                      ; Signed Integer                                ;
; c_cnt_bypass_en6                     ; false                  ; String                                        ;
; c_cnt_in_src6                        ; ph_mux_clk             ; String                                        ;
; c_cnt_odd_div_duty_en6               ; false                  ; String                                        ;
; c_cnt_prst6                          ; 1                      ; Signed Integer                                ;
; c_cnt_ph_mux_prst6                   ; 0                      ; Signed Integer                                ;
; c_cnt_hi_div7                        ; 1                      ; Signed Integer                                ;
; c_cnt_lo_div7                        ; 1                      ; Signed Integer                                ;
; c_cnt_bypass_en7                     ; false                  ; String                                        ;
; c_cnt_in_src7                        ; ph_mux_clk             ; String                                        ;
; c_cnt_odd_div_duty_en7               ; false                  ; String                                        ;
; c_cnt_prst7                          ; 1                      ; Signed Integer                                ;
; c_cnt_ph_mux_prst7                   ; 0                      ; Signed Integer                                ;
; c_cnt_hi_div8                        ; 1                      ; Signed Integer                                ;
; c_cnt_lo_div8                        ; 1                      ; Signed Integer                                ;
; c_cnt_bypass_en8                     ; false                  ; String                                        ;
; c_cnt_in_src8                        ; ph_mux_clk             ; String                                        ;
; c_cnt_odd_div_duty_en8               ; false                  ; String                                        ;
; c_cnt_prst8                          ; 1                      ; Signed Integer                                ;
; c_cnt_ph_mux_prst8                   ; 0                      ; Signed Integer                                ;
; c_cnt_hi_div9                        ; 1                      ; Signed Integer                                ;
; c_cnt_lo_div9                        ; 1                      ; Signed Integer                                ;
; c_cnt_bypass_en9                     ; false                  ; String                                        ;
; c_cnt_in_src9                        ; ph_mux_clk             ; String                                        ;
; c_cnt_odd_div_duty_en9               ; false                  ; String                                        ;
; c_cnt_prst9                          ; 1                      ; Signed Integer                                ;
; c_cnt_ph_mux_prst9                   ; 0                      ; Signed Integer                                ;
; c_cnt_hi_div10                       ; 1                      ; Signed Integer                                ;
; c_cnt_lo_div10                       ; 1                      ; Signed Integer                                ;
; c_cnt_bypass_en10                    ; false                  ; String                                        ;
; c_cnt_in_src10                       ; ph_mux_clk             ; String                                        ;
; c_cnt_odd_div_duty_en10              ; false                  ; String                                        ;
; c_cnt_prst10                         ; 1                      ; Signed Integer                                ;
; c_cnt_ph_mux_prst10                  ; 0                      ; Signed Integer                                ;
; c_cnt_hi_div11                       ; 1                      ; Signed Integer                                ;
; c_cnt_lo_div11                       ; 1                      ; Signed Integer                                ;
; c_cnt_bypass_en11                    ; false                  ; String                                        ;
; c_cnt_in_src11                       ; ph_mux_clk             ; String                                        ;
; c_cnt_odd_div_duty_en11              ; false                  ; String                                        ;
; c_cnt_prst11                         ; 1                      ; Signed Integer                                ;
; c_cnt_ph_mux_prst11                  ; 0                      ; Signed Integer                                ;
; c_cnt_hi_div12                       ; 1                      ; Signed Integer                                ;
; c_cnt_lo_div12                       ; 1                      ; Signed Integer                                ;
; c_cnt_bypass_en12                    ; false                  ; String                                        ;
; c_cnt_in_src12                       ; ph_mux_clk             ; String                                        ;
; c_cnt_odd_div_duty_en12              ; false                  ; String                                        ;
; c_cnt_prst12                         ; 1                      ; Signed Integer                                ;
; c_cnt_ph_mux_prst12                  ; 0                      ; Signed Integer                                ;
; c_cnt_hi_div13                       ; 1                      ; Signed Integer                                ;
; c_cnt_lo_div13                       ; 1                      ; Signed Integer                                ;
; c_cnt_bypass_en13                    ; false                  ; String                                        ;
; c_cnt_in_src13                       ; ph_mux_clk             ; String                                        ;
; c_cnt_odd_div_duty_en13              ; false                  ; String                                        ;
; c_cnt_prst13                         ; 1                      ; Signed Integer                                ;
; c_cnt_ph_mux_prst13                  ; 0                      ; Signed Integer                                ;
; c_cnt_hi_div14                       ; 1                      ; Signed Integer                                ;
; c_cnt_lo_div14                       ; 1                      ; Signed Integer                                ;
; c_cnt_bypass_en14                    ; false                  ; String                                        ;
; c_cnt_in_src14                       ; ph_mux_clk             ; String                                        ;
; c_cnt_odd_div_duty_en14              ; false                  ; String                                        ;
; c_cnt_prst14                         ; 1                      ; Signed Integer                                ;
; c_cnt_ph_mux_prst14                  ; 0                      ; Signed Integer                                ;
; c_cnt_hi_div15                       ; 1                      ; Signed Integer                                ;
; c_cnt_lo_div15                       ; 1                      ; Signed Integer                                ;
; c_cnt_bypass_en15                    ; false                  ; String                                        ;
; c_cnt_in_src15                       ; ph_mux_clk             ; String                                        ;
; c_cnt_odd_div_duty_en15              ; false                  ; String                                        ;
; c_cnt_prst15                         ; 1                      ; Signed Integer                                ;
; c_cnt_ph_mux_prst15                  ; 0                      ; Signed Integer                                ;
; c_cnt_hi_div16                       ; 1                      ; Signed Integer                                ;
; c_cnt_lo_div16                       ; 1                      ; Signed Integer                                ;
; c_cnt_bypass_en16                    ; false                  ; String                                        ;
; c_cnt_in_src16                       ; ph_mux_clk             ; String                                        ;
; c_cnt_odd_div_duty_en16              ; false                  ; String                                        ;
; c_cnt_prst16                         ; 1                      ; Signed Integer                                ;
; c_cnt_ph_mux_prst16                  ; 0                      ; Signed Integer                                ;
; c_cnt_hi_div17                       ; 1                      ; Signed Integer                                ;
; c_cnt_lo_div17                       ; 1                      ; Signed Integer                                ;
; c_cnt_bypass_en17                    ; false                  ; String                                        ;
; c_cnt_in_src17                       ; ph_mux_clk             ; String                                        ;
; c_cnt_odd_div_duty_en17              ; false                  ; String                                        ;
; c_cnt_prst17                         ; 1                      ; Signed Integer                                ;
; c_cnt_ph_mux_prst17                  ; 0                      ; Signed Integer                                ;
; pll_vco_div                          ; 1                      ; Signed Integer                                ;
; pll_slf_rst                          ; false                  ; String                                        ;
; pll_bw_sel                           ; low                    ; String                                        ;
; pll_output_clk_frequency             ; 0 MHz                  ; String                                        ;
; pll_cp_current                       ; 0                      ; Signed Integer                                ;
; pll_bwctrl                           ; 0                      ; Signed Integer                                ;
; pll_fractional_division              ; 1                      ; Signed Integer                                ;
; pll_fractional_cout                  ; 24                     ; Signed Integer                                ;
; pll_dsm_out_sel                      ; 1st_order              ; String                                        ;
; mimic_fbclk_type                     ; gclk                   ; String                                        ;
; pll_fbclk_mux_1                      ; glb                    ; String                                        ;
; pll_fbclk_mux_2                      ; fb_1                   ; String                                        ;
; pll_m_cnt_in_src                     ; ph_mux_clk             ; String                                        ;
; pll_vcoph_div                        ; 1                      ; Signed Integer                                ;
; refclk1_frequency                    ; 0 MHz                  ; String                                        ;
; pll_clkin_0_src                      ; clk_0                  ; String                                        ;
; pll_clkin_1_src                      ; clk_0                  ; String                                        ;
; pll_clk_loss_sw_en                   ; false                  ; String                                        ;
; pll_auto_clk_sw_en                   ; false                  ; String                                        ;
; pll_manu_clk_sw_en                   ; false                  ; String                                        ;
; pll_clk_sw_dly                       ; 0                      ; Signed Integer                                ;
; pll_extclk_0_cnt_src                 ; pll_extclk_cnt_src_vss ; String                                        ;
; pll_extclk_1_cnt_src                 ; pll_extclk_cnt_src_vss ; String                                        ;
+--------------------------------------+------------------------+-----------------------------------------------+
Note: In order to hide this table in the UI and the text report file, please set the "Show Parameter Settings in Synthesis Report" option in "Analysis and Synthesis Settings -> More Settings" to "Off".


+---------------------------------------------------------------------------------------------------------------------------+
; Analysis & Elaboration Settings                                                                                           ;
+---------------------------------------------------------------------------------+--------------------+--------------------+
; Option                                                                          ; Setting            ; Default Value      ;
+---------------------------------------------------------------------------------+--------------------+--------------------+
; Device                                                                          ; 5CSEMA4U23C6       ;                    ;
; Top-level entity name                                                           ; comp16             ; comp16             ;
; Family name                                                                     ; Cyclone V          ; Cyclone V          ;
; Use smart compilation                                                           ; On                 ; Off                ;
; Maximum processors allowed for parallel compilation                             ; 4                  ;                    ;
; Enable parallel Assembler and TimeQuest Timing Analyzer during compilation      ; On                 ; On                 ;
; Enable compact report table                                                     ; Off                ; Off                ;
; Restructure Multiplexers                                                        ; Auto               ; Auto               ;
; MLAB Add Timing Constraints For Mixed-Port Feed-Through Mode Setting Don't Care ; Off                ; Off                ;
; Create Debugging Nodes for IP Cores                                             ; Off                ; Off                ;
; Preserve fewer node names                                                       ; On                 ; On                 ;
; Intel FPGA IP Evaluation Mode                                                   ; Enable             ; Enable             ;
; Verilog Version                                                                 ; Verilog_2001       ; Verilog_2001       ;
; VHDL Version                                                                    ; VHDL_1993          ; VHDL_1993          ;
; State Machine Processing                                                        ; Auto               ; Auto               ;
; Safe State Machine                                                              ; Off                ; Off                ;
; Extract Verilog State Machines                                                  ; On                 ; On                 ;
; Extract VHDL State Machines                                                     ; On                 ; On                 ;
; Ignore Verilog initial constructs                                               ; Off                ; Off                ;
; Iteration limit for constant Verilog loops                                      ; 5000               ; 5000               ;
; Iteration limit for non-constant Verilog loops                                  ; 250                ; 250                ;
; Add Pass-Through Logic to Inferred RAMs                                         ; On                 ; On                 ;
; Infer RAMs from Raw Logic                                                       ; On                 ; On                 ;
; Parallel Synthesis                                                              ; On                 ; On                 ;
; DSP Block Balancing                                                             ; Auto               ; Auto               ;
; NOT Gate Push-Back                                                              ; On                 ; On                 ;
; Power-Up Don't Care                                                             ; On                 ; On                 ;
; Remove Redundant Logic Cells                                                    ; Off                ; Off                ;
; Remove Duplicate Registers                                                      ; On                 ; On                 ;
; Ignore CARRY Buffers                                                            ; Off                ; Off                ;
; Ignore CASCADE Buffers                                                          ; Off                ; Off                ;
; Ignore GLOBAL Buffers                                                           ; Off                ; Off                ;
; Ignore ROW GLOBAL Buffers                                                       ; Off                ; Off                ;
; Ignore LCELL Buffers                                                            ; Off                ; Off                ;
; Ignore SOFT Buffers                                                             ; On                 ; On                 ;
; Limit AHDL Integers to 32 Bits                                                  ; Off                ; Off                ;
; Optimization Technique                                                          ; Balanced           ; Balanced           ;
; Carry Chain Length                                                              ; 70                 ; 70                 ;
; Auto Carry Chains                                                               ; On                 ; On                 ;
; Auto Open-Drain Pins                                                            ; On                 ; On                 ;
; Perform WYSIWYG Primitive Resynthesis                                           ; Off                ; Off                ;
; Auto ROM Replacement                                                            ; On                 ; On                 ;
; Auto RAM Replacement                                                            ; On                 ; On                 ;
; Auto DSP Block Replacement                                                      ; On                 ; On                 ;
; Auto Shift Register Replacement                                                 ; Auto               ; Auto               ;
; Allow Shift Register Merging across Hierarchies                                 ; Auto               ; Auto               ;
; Auto Clock Enable Replacement                                                   ; On                 ; On                 ;
; Strict RAM Replacement                                                          ; Off                ; Off                ;
; Allow Synchronous Control Signals                                               ; On                 ; On                 ;
; Force Use of Synchronous Clear Signals                                          ; Off                ; Off                ;
; Auto Resource Sharing                                                           ; Off                ; Off                ;
; Allow Any RAM Size For Recognition                                              ; Off                ; Off                ;
; Allow Any ROM Size For Recognition                                              ; Off                ; Off                ;
; Allow Any Shift Register Size For Recognition                                   ; Off                ; Off                ;
; Use LogicLock Constraints during Resource Balancing                             ; On                 ; On                 ;
; Ignore translate_off and synthesis_off directives                               ; Off                ; Off                ;
; Timing-Driven Synthesis                                                         ; On                 ; On                 ;
; Report Parameter Settings                                                       ; On                 ; On                 ;
; Report Source Assignments                                                       ; On                 ; On                 ;
; Report Connectivity Checks                                                      ; On                 ; On                 ;
; Ignore Maximum Fan-Out Assignments                                              ; Off                ; Off                ;
; Synchronization Register Chain Length                                           ; 3                  ; 3                  ;
; Power Optimization During Synthesis                                             ; Normal compilation ; Normal compilation ;
; HDL message level                                                               ; Level2             ; Level2             ;
; Suppress Register Optimization Related Messages                                 ; Off                ; Off                ;
; Number of Removed Registers Reported in Synthesis Report                        ; 5000               ; 5000               ;
; Number of Swept Nodes Reported in Synthesis Report                              ; 5000               ; 5000               ;
; Number of Inverted Registers Reported in Synthesis Report                       ; 100                ; 100                ;
; Clock MUX Protection                                                            ; On                 ; On                 ;
; Auto Gated Clock Conversion                                                     ; Off                ; Off                ;
; Block Design Naming                                                             ; Auto               ; Auto               ;
; SDC constraint protection                                                       ; Off                ; Off                ;
; Synthesis Effort                                                                ; Auto               ; Auto               ;
; Shift Register Replacement - Allow Asynchronous Clear Signal                    ; On                 ; On                 ;
; Pre-Mapping Resynthesis Optimization                                            ; Off                ; Off                ;
; Analysis & Synthesis Message Level                                              ; Medium             ; Medium             ;
; Disable Register Merging Across Hierarchies                                     ; Auto               ; Auto               ;
; Resource Aware Inference For Block RAM                                          ; On                 ; On                 ;
; Automatic Parallel Synthesis                                                    ; On                 ; On                 ;
; Partial Reconfiguration Bitstream ID                                            ; Off                ; Off                ;
+---------------------------------------------------------------------------------+--------------------+--------------------+


+---------------------------------+
; Analysis & Elaboration Messages ;
+---------------------------------+
Info: *******************************************************************
Info: Running Quartus Prime Analysis & Elaboration
    Info: Version 17.1.0 Build 590 10/25/2017 SJ Lite Edition
    Info: Processing started: Mon Feb 26 19:23:19 2018
Info: Command: quartus_map --read_settings_files=on --write_settings_files=off comp16 -c comp16 --analysis_and_elaboration
Info (20032): Parallel compilation is enabled and will use up to 4 processors
Warning (20031): Parallel compilation is enabled for 4 processors, but there are only 2 processors in the system. Runtime may increase due to over usage of the processor space.
Info (12021): Found 1 design units, including 1 entities, in source file IO/vga/vga_controller.v
    Info (12023): Found entity 1: VGA_controller File: /home/edward/comp16/IO/vga/vga_controller.v Line: 1
Info (12021): Found 1 design units, including 1 entities, in source file IO/vga/vgaText.v
    Info (12023): Found entity 1: vgaTextGen File: /home/edward/comp16/IO/vga/vgaText.v Line: 1
Info (12021): Found 1 design units, including 1 entities, in source file debugOut.v
    Info (12023): Found entity 1: debugOut File: /home/edward/comp16/debugOut.v Line: 1
Info (12021): Found 1 design units, including 1 entities, in source file comp16.bdf
    Info (12023): Found entity 1: comp16
Info (12021): Found 1 design units, including 1 entities, in source file central.v
    Info (12023): Found entity 1: central File: /home/edward/comp16/central.v Line: 2
Info (12021): Found 1 design units, including 1 entities, in source file step.v
    Info (12023): Found entity 1: step File: /home/edward/comp16/step.v Line: 1
Warning (12019): Can't analyze file -- file manual.v is missing
Warning (12019): Can't analyze file -- file ram.v is missing
Info (12021): Found 1 design units, including 1 entities, in source file alu.v
    Info (12023): Found entity 1: alu File: /home/edward/comp16/alu.v Line: 1
Info (12021): Found 1 design units, including 1 entities, in source file pc.v
    Info (12023): Found entity 1: PC File: /home/edward/comp16/pc.v Line: 1
Warning (12090): Entity "mux" obtained from "mux.v" instead of from Quartus Prime megafunction library File: /home/edward/comp16/mux.v Line: 1
Info (12021): Found 1 design units, including 1 entities, in source file mux.v
    Info (12023): Found entity 1: mux File: /home/edward/comp16/mux.v Line: 1
Info (12021): Found 1 design units, including 1 entities, in source file DualRam.v
    Info (12023): Found entity 1: DualRAM File: /home/edward/comp16/DualRam.v Line: 1
Warning (12019): Can't analyze file -- file mainIO.v is missing
Info (12021): Found 1 design units, including 1 entities, in source file IO/uart/receiver.v
    Info (12023): Found entity 1: receiver File: /home/edward/comp16/IO/uart/receiver.v Line: 3
Info (12021): Found 1 design units, including 1 entities, in source file IO/uart/transmitter.v
    Info (12023): Found entity 1: transmitter File: /home/edward/comp16/IO/uart/transmitter.v Line: 3
Info (12021): Found 1 design units, including 1 entities, in source file IO/uart/uart.v
    Info (12023): Found entity 1: uart File: /home/edward/comp16/IO/uart/uart.v Line: 2
Info (12021): Found 1 design units, including 1 entities, in source file IO/uart/baud_rate_gen.v
    Info (12023): Found entity 1: baud_rate_gen File: /home/edward/comp16/IO/uart/baud_rate_gen.v Line: 8
Info (12021): Found 1 design units, including 1 entities, in source file IO/uart/uartRecFIFO.v
    Info (12023): Found entity 1: uartRecFIFO File: /home/edward/comp16/IO/uart/uartRecFIFO.v Line: 1
Info (12021): Found 1 design units, including 1 entities, in source file pll.v
    Info (12023): Found entity 1: pll File: /home/edward/comp16/pll.v Line: 8
Info (12021): Found 1 design units, including 1 entities, in source file pll/pll_0002.v
    Info (12023): Found entity 1: pll_0002 File: /home/edward/comp16/pll/pll_0002.v Line: 2
Info (12021): Found 1 design units, including 1 entities, in source file IO/io_port.v
    Info (12023): Found entity 1: io_port File: /home/edward/comp16/IO/io_port.v Line: 1
Warning (12019): Can't analyze file -- file IO/vga/vga.bdf is missing
Info (12021): Found 1 design units, including 1 entities, in source file IO/uart/uart_io.bdf
    Info (12023): Found entity 1: uart_io
Info (12021): Found 1 design units, including 1 entities, in source file IO/vga/vga_io.bdf
    Info (12023): Found entity 1: vga_io
Info (12021): Found 1 design units, including 1 entities, in source file pll_vga.v
    Info (12023): Found entity 1: pll_vga File: /home/edward/comp16/pll_vga.v Line: 8
Info (12021): Found 1 design units, including 1 entities, in source file pll_vga/pll_vga_0002.v
    Info (12023): Found entity 1: pll_vga_0002 File: /home/edward/comp16/pll_vga/pll_vga_0002.v Line: 2
Warning (10236): Verilog HDL Implicit Net warning at vgaText.v(74): created implicit net for "data" File: /home/edward/comp16/IO/vga/vgaText.v Line: 74
Info (12127): Elaborating entity "comp16" for the top level hierarchy
Info (12128): Elaborating entity "uart_io" for hierarchy "uart_io:inst1"
Info (12128): Elaborating entity "uart" for hierarchy "uart_io:inst1|uart:inst01"
Info (12128): Elaborating entity "baud_rate_gen" for hierarchy "uart_io:inst1|uart:inst01|baud_rate_gen:uart_baud" File: /home/edward/comp16/IO/uart/uart.v Line: 19
Info (12128): Elaborating entity "transmitter" for hierarchy "uart_io:inst1|uart:inst01|transmitter:uart_tx" File: /home/edward/comp16/IO/uart/uart.v Line: 25
Info (12128): Elaborating entity "receiver" for hierarchy "uart_io:inst1|uart:inst01|receiver:uart_rx" File: /home/edward/comp16/IO/uart/uart.v Line: 31
Info (12128): Elaborating entity "io_port" for hierarchy "uart_io:inst1|io_port:inst04"
Info (12128): Elaborating entity "io_port" for hierarchy "uart_io:inst1|io_port:inst03"
Info (12128): Elaborating entity "uartRecFIFO" for hierarchy "uart_io:inst1|uartRecFIFO:inst02"
Warning (10230): Verilog HDL assignment warning at uartRecFIFO.v(22): truncated value with size 32 to match size of target (8) File: /home/edward/comp16/IO/uart/uartRecFIFO.v Line: 22
Warning (10230): Verilog HDL assignment warning at uartRecFIFO.v(35): truncated value with size 32 to match size of target (8) File: /home/edward/comp16/IO/uart/uartRecFIFO.v Line: 35
Info (12128): Elaborating entity "io_port" for hierarchy "uart_io:inst1|io_port:inst05"
Info (12128): Elaborating entity "io_port" for hierarchy "uart_io:inst1|io_port:inst06"
Info (12128): Elaborating entity "pll" for hierarchy "pll:inst10"
Info (12128): Elaborating entity "pll_0002" for hierarchy "pll:inst10|pll_0002:pll_inst" File: /home/edward/comp16/pll.v Line: 21
Info (12128): Elaborating entity "altera_pll" for hierarchy "pll:inst10|pll_0002:pll_inst|altera_pll:altera_pll_i" File: /home/edward/comp16/pll/pll_0002.v Line: 88
Info (10008): Verilog HDL or VHDL information: EDA Netlist Writer cannot regroup multidimensional array "wire_to_nowhere_64" into its bus
Info (12130): Elaborated megafunction instantiation "pll:inst10|pll_0002:pll_inst|altera_pll:altera_pll_i" File: /home/edward/comp16/pll/pll_0002.v Line: 88
Info (12133): Instantiated megafunction "pll:inst10|pll_0002:pll_inst|altera_pll:altera_pll_i" with the following parameter: File: /home/edward/comp16/pll/pll_0002.v Line: 88
    Info (12134): Parameter "fractional_vco_multiplier" = "false"
    Info (12134): Parameter "reference_clock_frequency" = "50.0 MHz"
    Info (12134): Parameter "operation_mode" = "direct"
    Info (12134): Parameter "number_of_clocks" = "2"
    Info (12134): Parameter "output_clock_frequency0" = "50.000000 MHz"
    Info (12134): Parameter "phase_shift0" = "0 ps"
    Info (12134): Parameter "duty_cycle0" = "50"
    Info (12134): Parameter "output_clock_frequency1" = "50.000000 MHz"
    Info (12134): Parameter "phase_shift1" = "10000 ps"
    Info (12134): Parameter "duty_cycle1" = "50"
    Info (12134): Parameter "output_clock_frequency2" = "0 MHz"
    Info (12134): Parameter "phase_shift2" = "0 ps"
    Info (12134): Parameter "duty_cycle2" = "50"
    Info (12134): Parameter "output_clock_frequency3" = "0 MHz"
    Info (12134): Parameter "phase_shift3" = "0 ps"
    Info (12134): Parameter "duty_cycle3" = "50"
    Info (12134): Parameter "output_clock_frequency4" = "0 MHz"
    Info (12134): Parameter "phase_shift4" = "0 ps"
    Info (12134): Parameter "duty_cycle4" = "50"
    Info (12134): Parameter "output_clock_frequency5" = "0 MHz"
    Info (12134): Parameter "phase_shift5" = "0 ps"
    Info (12134): Parameter "duty_cycle5" = "50"
    Info (12134): Parameter "output_clock_frequency6" = "0 MHz"
    Info (12134): Parameter "phase_shift6" = "0 ps"
    Info (12134): Parameter "duty_cycle6" = "50"
    Info (12134): Parameter "output_clock_frequency7" = "0 MHz"
    Info (12134): Parameter "phase_shift7" = "0 ps"
    Info (12134): Parameter "duty_cycle7" = "50"
    Info (12134): Parameter "output_clock_frequency8" = "0 MHz"
    Info (12134): Parameter "phase_shift8" = "0 ps"
    Info (12134): Parameter "duty_cycle8" = "50"
    Info (12134): Parameter "output_clock_frequency9" = "0 MHz"
    Info (12134): Parameter "phase_shift9" = "0 ps"
    Info (12134): Parameter "duty_cycle9" = "50"
    Info (12134): Parameter "output_clock_frequency10" = "0 MHz"
    Info (12134): Parameter "phase_shift10" = "0 ps"
    Info (12134): Parameter "duty_cycle10" = "50"
    Info (12134): Parameter "output_clock_frequency11" = "0 MHz"
    Info (12134): Parameter "phase_shift11" = "0 ps"
    Info (12134): Parameter "duty_cycle11" = "50"
    Info (12134): Parameter "output_clock_frequency12" = "0 MHz"
    Info (12134): Parameter "phase_shift12" = "0 ps"
    Info (12134): Parameter "duty_cycle12" = "50"
    Info (12134): Parameter "output_clock_frequency13" = "0 MHz"
    Info (12134): Parameter "phase_shift13" = "0 ps"
    Info (12134): Parameter "duty_cycle13" = "50"
    Info (12134): Parameter "output_clock_frequency14" = "0 MHz"
    Info (12134): Parameter "phase_shift14" = "0 ps"
    Info (12134): Parameter "duty_cycle14" = "50"
    Info (12134): Parameter "output_clock_frequency15" = "0 MHz"
    Info (12134): Parameter "phase_shift15" = "0 ps"
    Info (12134): Parameter "duty_cycle15" = "50"
    Info (12134): Parameter "output_clock_frequency16" = "0 MHz"
    Info (12134): Parameter "phase_shift16" = "0 ps"
    Info (12134): Parameter "duty_cycle16" = "50"
    Info (12134): Parameter "output_clock_frequency17" = "0 MHz"
    Info (12134): Parameter "phase_shift17" = "0 ps"
    Info (12134): Parameter "duty_cycle17" = "50"
    Info (12134): Parameter "pll_type" = "General"
    Info (12134): Parameter "pll_subtype" = "General"
Info (12128): Elaborating entity "central" for hierarchy "central:inst"
Warning (10230): Verilog HDL assignment warning at central.v(190): truncated value with size 32 to match size of target (16) File: /home/edward/comp16/central.v Line: 190
Info (12128): Elaborating entity "DualRAM" for hierarchy "DualRAM:inst4"
Info (12128): Elaborating entity "PC" for hierarchy "PC:inst6"
Warning (10230): Verilog HDL assignment warning at pc.v(20): truncated value with size 32 to match size of target (16) File: /home/edward/comp16/pc.v Line: 20
Info (12128): Elaborating entity "io_port" for hierarchy "io_port:inst7"
Info (12128): Elaborating entity "vga_io" for hierarchy "vga_io:inst9"
Info (12128): Elaborating entity "VGA_controller" for hierarchy "vga_io:inst9|VGA_controller:instv1"
Info (12128): Elaborating entity "io_port" for hierarchy "vga_io:inst9|io_port:instv3"
Info (12128): Elaborating entity "io_port" for hierarchy "vga_io:inst9|io_port:instv4"
Info (12128): Elaborating entity "vgaTextGen" for hierarchy "vga_io:inst9|vgaTextGen:instv2"
Warning (10036): Verilog HDL or VHDL warning at vgaText.v(74): object "data" assigned a value but never read File: /home/edward/comp16/IO/vga/vgaText.v Line: 74
Warning (10036): Verilog HDL or VHDL warning at vgaText.v(32): object "charX" assigned a value but never read File: /home/edward/comp16/IO/vga/vgaText.v Line: 32
Warning (10036): Verilog HDL or VHDL warning at vgaText.v(34): object "charY" assigned a value but never read File: /home/edward/comp16/IO/vga/vgaText.v Line: 34
Warning (10230): Verilog HDL assignment warning at vgaText.v(62): truncated value with size 8 to match size of target (1) File: /home/edward/comp16/IO/vga/vgaText.v Line: 62
Warning (10230): Verilog HDL assignment warning at vgaText.v(74): truncated value with size 8 to match size of target (1) File: /home/edward/comp16/IO/vga/vgaText.v Line: 74
Warning (10850): Verilog HDL warning at vgaText.v(89): number of words (1000) in memory file does not match the number of elements in the address range [0:799] File: /home/edward/comp16/IO/vga/vgaText.v Line: 89
Warning (10030): Net "charset_ram.data_a" at vgaText.v(23) has no driver or initial value, using a default initial value '0' File: /home/edward/comp16/IO/vga/vgaText.v Line: 23
Warning (10030): Net "charset_ram.waddr_a" at vgaText.v(23) has no driver or initial value, using a default initial value '0' File: /home/edward/comp16/IO/vga/vgaText.v Line: 23
Warning (10030): Net "charset_ram.we_a" at vgaText.v(23) has no driver or initial value, using a default initial value '0' File: /home/edward/comp16/IO/vga/vgaText.v Line: 23
Warning (10034): Output port "data_out" at vgaText.v(14) has no driver File: /home/edward/comp16/IO/vga/vgaText.v Line: 14
Info (12128): Elaborating entity "pll_vga" for hierarchy "pll_vga:inst12"
Info (12128): Elaborating entity "pll_vga_0002" for hierarchy "pll_vga:inst12|pll_vga_0002:pll_vga_inst" File: /home/edward/comp16/pll_vga.v Line: 21
Info (12128): Elaborating entity "altera_pll" for hierarchy "pll_vga:inst12|pll_vga_0002:pll_vga_inst|altera_pll:altera_pll_i" File: /home/edward/comp16/pll_vga/pll_vga_0002.v Line: 88
Info (10008): Verilog HDL or VHDL information: EDA Netlist Writer cannot regroup multidimensional array "wire_to_nowhere_64" into its bus
Info (12130): Elaborated megafunction instantiation "pll_vga:inst12|pll_vga_0002:pll_vga_inst|altera_pll:altera_pll_i" File: /home/edward/comp16/pll_vga/pll_vga_0002.v Line: 88
Info (12133): Instantiated megafunction "pll_vga:inst12|pll_vga_0002:pll_vga_inst|altera_pll:altera_pll_i" with the following parameter: File: /home/edward/comp16/pll_vga/pll_vga_0002.v Line: 88
    Info (12134): Parameter "fractional_vco_multiplier" = "false"
    Info (12134): Parameter "reference_clock_frequency" = "50.0 MHz"
    Info (12134): Parameter "operation_mode" = "direct"
    Info (12134): Parameter "number_of_clocks" = "2"
    Info (12134): Parameter "output_clock_frequency0" = "25.175644 MHz"
    Info (12134): Parameter "phase_shift0" = "0 ps"
    Info (12134): Parameter "duty_cycle0" = "50"
    Info (12134): Parameter "output_clock_frequency1" = "25.175644 MHz"
    Info (12134): Parameter "phase_shift1" = "29791 ps"
    Info (12134): Parameter "duty_cycle1" = "50"
    Info (12134): Parameter "output_clock_frequency2" = "0 MHz"
    Info (12134): Parameter "phase_shift2" = "0 ps"
    Info (12134): Parameter "duty_cycle2" = "50"
    Info (12134): Parameter "output_clock_frequency3" = "0 MHz"
    Info (12134): Parameter "phase_shift3" = "0 ps"
    Info (12134): Parameter "duty_cycle3" = "50"
    Info (12134): Parameter "output_clock_frequency4" = "0 MHz"
    Info (12134): Parameter "phase_shift4" = "0 ps"
    Info (12134): Parameter "duty_cycle4" = "50"
    Info (12134): Parameter "output_clock_frequency5" = "0 MHz"
    Info (12134): Parameter "phase_shift5" = "0 ps"
    Info (12134): Parameter "duty_cycle5" = "50"
    Info (12134): Parameter "output_clock_frequency6" = "0 MHz"
    Info (12134): Parameter "phase_shift6" = "0 ps"
    Info (12134): Parameter "duty_cycle6" = "50"
    Info (12134): Parameter "output_clock_frequency7" = "0 MHz"
    Info (12134): Parameter "phase_shift7" = "0 ps"
    Info (12134): Parameter "duty_cycle7" = "50"
    Info (12134): Parameter "output_clock_frequency8" = "0 MHz"
    Info (12134): Parameter "phase_shift8" = "0 ps"
    Info (12134): Parameter "duty_cycle8" = "50"
    Info (12134): Parameter "output_clock_frequency9" = "0 MHz"
    Info (12134): Parameter "phase_shift9" = "0 ps"
    Info (12134): Parameter "duty_cycle9" = "50"
    Info (12134): Parameter "output_clock_frequency10" = "0 MHz"
    Info (12134): Parameter "phase_shift10" = "0 ps"
    Info (12134): Parameter "duty_cycle10" = "50"
    Info (12134): Parameter "output_clock_frequency11" = "0 MHz"
    Info (12134): Parameter "phase_shift11" = "0 ps"
    Info (12134): Parameter "duty_cycle11" = "50"
    Info (12134): Parameter "output_clock_frequency12" = "0 MHz"
    Info (12134): Parameter "phase_shift12" = "0 ps"
    Info (12134): Parameter "duty_cycle12" = "50"
    Info (12134): Parameter "output_clock_frequency13" = "0 MHz"
    Info (12134): Parameter "phase_shift13" = "0 ps"
    Info (12134): Parameter "duty_cycle13" = "50"
    Info (12134): Parameter "output_clock_frequency14" = "0 MHz"
    Info (12134): Parameter "phase_shift14" = "0 ps"
    Info (12134): Parameter "duty_cycle14" = "50"
    Info (12134): Parameter "output_clock_frequency15" = "0 MHz"
    Info (12134): Parameter "phase_shift15" = "0 ps"
    Info (12134): Parameter "duty_cycle15" = "50"
    Info (12134): Parameter "output_clock_frequency16" = "0 MHz"
    Info (12134): Parameter "phase_shift16" = "0 ps"
    Info (12134): Parameter "duty_cycle16" = "50"
    Info (12134): Parameter "output_clock_frequency17" = "0 MHz"
    Info (12134): Parameter "phase_shift17" = "0 ps"
    Info (12134): Parameter "duty_cycle17" = "50"
    Info (12134): Parameter "pll_type" = "General"
    Info (12134): Parameter "pll_subtype" = "General"
Info (12128): Elaborating entity "alu" for hierarchy "alu:inst3"
Info (12128): Elaborating entity "step" for hierarchy "step:inst2"
Warning (10230): Verilog HDL assignment warning at step.v(17): truncated value with size 32 to match size of target (2) File: /home/edward/comp16/step.v Line: 17
Info (12128): Elaborating entity "debugOut" for hierarchy "debugOut:inst8"
Info (144001): Generated suppressed messages file /home/edward/comp16/output_files/comp16.map.smsg
Info: Quartus Prime Analysis & Elaboration was successful. 0 errors, 22 warnings
    Info: Peak virtual memory: 1475 megabytes
    Info: Processing ended: Mon Feb 26 19:23:38 2018
    Info: Elapsed time: 00:00:19
    Info: Total CPU time (on all processors): 00:00:44


+--------------------------------------------+
; Analysis & Elaboration Suppressed Messages ;
+--------------------------------------------+
The suppressed messages can be found in /home/edward/comp16/output_files/comp16.map.smsg.


