Flow report for comp16
Fri Apr 27 17:06:38 2018
Quartus Prime Version 17.1.0 Build 590 10/25/2017 SJ Lite Edition


---------------------
; Table of Contents ;
---------------------
  1. Legal Notice
  2. Flow Summary
  3. Flow Settings
  4. Flow Non-Default Global Settings
  5. Flow Elapsed Time
  6. Flow OS Summary
  7. Flow Log
  8. Flow Messages
  9. Flow Suppressed Messages



----------------
; Legal Notice ;
----------------
Copyright (C) 2017  Intel Corporation. All rights reserved.
Your use of Intel Corporation's design tools, logic functions 
and other software and tools, and its AMPP partner logic 
functions, and any output files from any of the foregoing 
(including device programming or simulation files), and any 
associated documentation or information are expressly subject 
to the terms and conditions of the Intel Program License 
Subscription Agreement, the Intel Quartus Prime License Agreement,
the Intel FPGA IP License Agreement, or other applicable license
agreement, including, without limitation, that your use is for
the sole purpose of programming logic devices manufactured by
Intel and sold by Intel or its authorized distributors.  Please
refer to the applicable agreement for further details.



+-------------------------------------------------------------------------------+
; Flow Summary                                                                  ;
+---------------------------------+---------------------------------------------+
; Flow Status                     ; Successful - Fri Apr 27 17:06:38 2018       ;
; Quartus Prime Version           ; 17.1.0 Build 590 10/25/2017 SJ Lite Edition ;
; Revision Name                   ; comp16                                      ;
; Top-level Entity Name           ; comp16                                      ;
; Family                          ; Cyclone V                                   ;
; Device                          ; 5CSEMA4U23C6                                ;
; Timing Models                   ; Final                                       ;
; Logic utilization (in ALMs)     ; 1,539 / 15,880 ( 10 % )                     ;
; Total registers                 ; 809                                         ;
; Total pins                      ; 29 / 314 ( 9 % )                            ;
; Total virtual pins              ; 0                                           ;
; Total block memory bits         ; 1,084,672 / 2,764,800 ( 39 % )              ;
; Total DSP Blocks                ; 1 / 84 ( 1 % )                              ;
; Total HSSI RX PCSs              ; 0                                           ;
; Total HSSI PMA RX Deserializers ; 0                                           ;
; Total HSSI TX PCSs              ; 0                                           ;
; Total HSSI PMA TX Serializers   ; 0                                           ;
; Total PLLs                      ; 2 / 5 ( 40 % )                              ;
; Total DLLs                      ; 0 / 4 ( 0 % )                               ;
+---------------------------------+---------------------------------------------+


+-----------------------------------------+
; Flow Settings                           ;
+-------------------+---------------------+
; Option            ; Setting             ;
+-------------------+---------------------+
; Start date & time ; 04/26/2018 21:46:53 ;
; Main task         ; Compilation         ;
; Revision Name     ; comp16              ;
+-------------------+---------------------+


+-------------------------------------------------------------------------------------------------------------------------+
; Flow Non-Default Global Settings                                                                                        ;
+-------------------------------------+----------------------------------------+---------------+-------------+------------+
; Assignment Name                     ; Value                                  ; Default Value ; Entity Name ; Section Id ;
+-------------------------------------+----------------------------------------+---------------+-------------+------------+
; COMPILER_SIGNATURE_ID               ; 220083050252176.152480081217521        ; --            ; --          ; --         ;
; MAX_CORE_JUNCTION_TEMP              ; 85                                     ; --            ; --          ; --         ;
; MIN_CORE_JUNCTION_TEMP              ; 0                                      ; --            ; --          ; --         ;
; MISC_FILE                           ; pll.cmp                                ; --            ; --          ; --         ;
; MISC_FILE                           ; pll_sim/pll.vo                         ; --            ; --          ; --         ;
; MISC_FILE                           ; pll_vga.cmp                            ; --            ; --          ; --         ;
; MISC_FILE                           ; pll_vga_sim/pll_vga.vo                 ; --            ; --          ; --         ;
; NUM_PARALLEL_PROCESSORS             ; 4                                      ; --            ; --          ; --         ;
; PARTITION_COLOR                     ; -- (Not supported for targeted family) ; --            ; --          ; Top        ;
; PARTITION_FITTER_PRESERVATION_LEVEL ; -- (Not supported for targeted family) ; --            ; --          ; Top        ;
; PARTITION_NETLIST_TYPE              ; -- (Not supported for targeted family) ; --            ; --          ; Top        ;
; POWER_BOARD_THERMAL_MODEL           ; None (CONSERVATIVE)                    ; --            ; --          ; --         ;
; POWER_PRESET_COOLING_SOLUTION       ; 23 MM HEAT SINK WITH 200 LFPM AIRFLOW  ; --            ; --          ; --         ;
; PROJECT_OUTPUT_DIRECTORY            ; output_files                           ; --            ; --          ; --         ;
; SMART_RECOMPILE                     ; On                                     ; Off           ; --          ; --         ;
; SPD_FILE                            ; pll.spd                                ; --            ; --          ; --         ;
; SPD_FILE                            ; pll_vga.spd                            ; --            ; --          ; --         ;
; SYNTHESIS_ONLY_QIP                  ; On                                     ; --            ; --          ; --         ;
; SYNTHESIS_ONLY_QIP                  ; On                                     ; --            ; --          ; --         ;
+-------------------------------------+----------------------------------------+---------------+-------------+------------+


+-------------------------------------------------------------------------------------------------------------------------------+
; Flow Elapsed Time                                                                                                             ;
+---------------------------+--------------+-------------------------+---------------------+------------------------------------+
; Module Name               ; Elapsed Time ; Average Processors Used ; Peak Virtual Memory ; Total CPU Time (on all processors) ;
+---------------------------+--------------+-------------------------+---------------------+------------------------------------+
; Analysis & Synthesis      ; 00:00:30     ; 1.0                     ; 1112 MB             ; 00:00:55                           ;
; Fitter                    ; 00:02:27     ; 1.3                     ; 2315 MB             ; 00:05:35                           ;
; Assembler                 ; 00:00:08     ; 1.0                     ; 1011 MB             ; 00:00:09                           ;
; TimeQuest Timing Analyzer ; 00:00:22     ; 2.5                     ; 1262 MB             ; 00:00:47                           ;
; MIF/HEX Update            ; 00:00:14     ; 1.0                     ; 1307 MB             ; 00:00:10                           ;
; Assembler                 ; 00:00:13     ; 1.0                     ; 999 MB              ; 00:00:09                           ;
; MIF/HEX Update            ; 00:00:10     ; 1.0                     ; 1320 MB             ; 00:00:10                           ;
; Assembler                 ; 00:00:09     ; 1.0                     ; 1014 MB             ; 00:00:09                           ;
; MIF/HEX Update            ; 00:00:09     ; 1.0                     ; 1310 MB             ; 00:00:10                           ;
; Assembler                 ; 00:00:09     ; 1.0                     ; 998 MB              ; 00:00:09                           ;
; MIF/HEX Update            ; 00:00:09     ; 1.0                     ; 1325 MB             ; 00:00:10                           ;
; Assembler                 ; 00:00:09     ; 1.0                     ; 1020 MB             ; 00:00:09                           ;
; MIF/HEX Update            ; 00:00:10     ; 1.0                     ; 1326 MB             ; 00:00:10                           ;
; Assembler                 ; 00:00:09     ; 1.0                     ; 1013 MB             ; 00:00:09                           ;
; MIF/HEX Update            ; 00:00:10     ; 1.0                     ; 1331 MB             ; 00:00:10                           ;
; Assembler                 ; 00:00:10     ; 1.0                     ; 1021 MB             ; 00:00:09                           ;
; MIF/HEX Update            ; 00:00:10     ; 1.0                     ; 1331 MB             ; 00:00:10                           ;
; Assembler                 ; 00:00:10     ; 1.0                     ; 1024 MB             ; 00:00:09                           ;
; MIF/HEX Update            ; 00:00:12     ; 1.0                     ; 1331 MB             ; 00:00:12                           ;
; Assembler                 ; 00:00:11     ; 1.0                     ; 1020 MB             ; 00:00:10                           ;
; MIF/HEX Update            ; 00:00:10     ; 1.0                     ; 1336 MB             ; 00:00:10                           ;
; Assembler                 ; 00:00:12     ; 1.0                     ; 1020 MB             ; 00:00:11                           ;
; MIF/HEX Update            ; 00:00:12     ; 1.0                     ; 1338 MB             ; 00:00:11                           ;
; Assembler                 ; 00:00:12     ; 1.0                     ; 1029 MB             ; 00:00:11                           ;
; MIF/HEX Update            ; 00:00:10     ; 1.0                     ; 1341 MB             ; 00:00:10                           ;
; Assembler                 ; 00:00:10     ; 1.0                     ; 1028 MB             ; 00:00:09                           ;
; MIF/HEX Update            ; 00:00:10     ; 1.0                     ; 1344 MB             ; 00:00:10                           ;
; Assembler                 ; 00:00:10     ; 1.0                     ; 1033 MB             ; 00:00:09                           ;
; MIF/HEX Update            ; 00:00:10     ; 1.0                     ; 1346 MB             ; 00:00:10                           ;
; Assembler                 ; 00:00:12     ; 1.0                     ; 1028 MB             ; 00:00:12                           ;
; MIF/HEX Update            ; 00:00:10     ; 1.0                     ; 1350 MB             ; 00:00:10                           ;
; Assembler                 ; 00:00:10     ; 1.0                     ; 1033 MB             ; 00:00:10                           ;
; MIF/HEX Update            ; 00:00:10     ; 1.0                     ; 1349 MB             ; 00:00:10                           ;
; Assembler                 ; 00:00:10     ; 1.0                     ; 1035 MB             ; 00:00:10                           ;
; MIF/HEX Update            ; 00:00:10     ; 1.0                     ; 1352 MB             ; 00:00:10                           ;
; Assembler                 ; 00:00:10     ; 1.0                     ; 1029 MB             ; 00:00:11                           ;
; MIF/HEX Update            ; 00:00:10     ; 1.0                     ; 1355 MB             ; 00:00:10                           ;
; Assembler                 ; 00:00:11     ; 1.0                     ; 1042 MB             ; 00:00:11                           ;
; MIF/HEX Update            ; 00:00:13     ; 1.0                     ; 1355 MB             ; 00:00:12                           ;
; Assembler                 ; 00:00:10     ; 1.0                     ; 1030 MB             ; 00:00:10                           ;
; MIF/HEX Update            ; 00:00:10     ; 1.0                     ; 1359 MB             ; 00:00:10                           ;
; Assembler                 ; 00:00:10     ; 1.0                     ; 1052 MB             ; 00:00:10                           ;
; MIF/HEX Update            ; 00:00:11     ; 1.0                     ; 1362 MB             ; 00:00:11                           ;
; Assembler                 ; 00:00:10     ; 1.0                     ; 1052 MB             ; 00:00:10                           ;
; MIF/HEX Update            ; 00:00:11     ; 1.0                     ; 1363 MB             ; 00:00:10                           ;
; Assembler                 ; 00:00:10     ; 1.0                     ; 1056 MB             ; 00:00:10                           ;
; MIF/HEX Update            ; 00:00:12     ; 1.0                     ; 1365 MB             ; 00:00:12                           ;
; Assembler                 ; 00:00:14     ; 1.0                     ; 1038 MB             ; 00:00:14                           ;
; MIF/HEX Update            ; 00:00:10     ; 1.0                     ; 1366 MB             ; 00:00:10                           ;
; Assembler                 ; 00:00:10     ; 1.0                     ; 1058 MB             ; 00:00:10                           ;
; MIF/HEX Update            ; 00:00:10     ; 1.0                     ; 1368 MB             ; 00:00:10                           ;
; Assembler                 ; 00:00:11     ; 1.0                     ; 1044 MB             ; 00:00:11                           ;
; MIF/HEX Update            ; 00:00:11     ; 1.0                     ; 1371 MB             ; 00:00:11                           ;
; Assembler                 ; 00:00:11     ; 1.0                     ; 1056 MB             ; 00:00:11                           ;
; Total                     ; 00:12:14     ; --                      ; --                  ; 00:15:58                           ;
+---------------------------+--------------+-------------------------+---------------------+------------------------------------+


+--------------------------------------------------------------------------------------------+
; Flow OS Summary                                                                            ;
+---------------------------+-------------------+--------------+------------+----------------+
; Module Name               ; Machine Hostname  ; OS Name      ; OS Version ; Processor type ;
+---------------------------+-------------------+--------------+------------+----------------+
; Analysis & Synthesis      ; ubuntu-MacBookPro ; Ubuntu 17.10 ; 17         ; x86_64         ;
; Fitter                    ; ubuntu-MacBookPro ; Ubuntu 17.10 ; 17         ; x86_64         ;
; Assembler                 ; ubuntu-MacBookPro ; Ubuntu 17.10 ; 17         ; x86_64         ;
; TimeQuest Timing Analyzer ; ubuntu-MacBookPro ; Ubuntu 17.10 ; 17         ; x86_64         ;
; MIF/HEX Update            ; ubuntu-MacBookPro ; Ubuntu 17.10 ; 17         ; x86_64         ;
; Assembler                 ; ubuntu-MacBookPro ; Ubuntu 17.10 ; 17         ; x86_64         ;
; MIF/HEX Update            ; ubuntu-MacBookPro ; Ubuntu 17.10 ; 17         ; x86_64         ;
; Assembler                 ; ubuntu-MacBookPro ; Ubuntu 17.10 ; 17         ; x86_64         ;
; MIF/HEX Update            ; ubuntu-MacBookPro ; Ubuntu 17.10 ; 17         ; x86_64         ;
; Assembler                 ; ubuntu-MacBookPro ; Ubuntu 17.10 ; 17         ; x86_64         ;
; MIF/HEX Update            ; ubuntu-MacBookPro ; Ubuntu 17.10 ; 17         ; x86_64         ;
; Assembler                 ; ubuntu-MacBookPro ; Ubuntu 17.10 ; 17         ; x86_64         ;
; MIF/HEX Update            ; ubuntu-MacBookPro ; Ubuntu 17.10 ; 17         ; x86_64         ;
; Assembler                 ; ubuntu-MacBookPro ; Ubuntu 17.10 ; 17         ; x86_64         ;
; MIF/HEX Update            ; ubuntu-MacBookPro ; Ubuntu 17.10 ; 17         ; x86_64         ;
; Assembler                 ; ubuntu-MacBookPro ; Ubuntu 17.10 ; 17         ; x86_64         ;
; MIF/HEX Update            ; ubuntu-MacBookPro ; Ubuntu 17.10 ; 17         ; x86_64         ;
; Assembler                 ; ubuntu-MacBookPro ; Ubuntu 17.10 ; 17         ; x86_64         ;
; MIF/HEX Update            ; ubuntu-MacBookPro ; Ubuntu 17.10 ; 17         ; x86_64         ;
; Assembler                 ; ubuntu-MacBookPro ; Ubuntu 17.10 ; 17         ; x86_64         ;
; MIF/HEX Update            ; ubuntu-MacBookPro ; Ubuntu 17.10 ; 17         ; x86_64         ;
; Assembler                 ; ubuntu-MacBookPro ; Ubuntu 17.10 ; 17         ; x86_64         ;
; MIF/HEX Update            ; ubuntu-MacBookPro ; Ubuntu 17.10 ; 17         ; x86_64         ;
; Assembler                 ; ubuntu-MacBookPro ; Ubuntu 17.10 ; 17         ; x86_64         ;
; MIF/HEX Update            ; ubuntu-MacBookPro ; Ubuntu 17.10 ; 17         ; x86_64         ;
; Assembler                 ; ubuntu-MacBookPro ; Ubuntu 17.10 ; 17         ; x86_64         ;
; MIF/HEX Update            ; ubuntu-MacBookPro ; Ubuntu 17.10 ; 17         ; x86_64         ;
; Assembler                 ; ubuntu-MacBookPro ; Ubuntu 17.10 ; 17         ; x86_64         ;
; MIF/HEX Update            ; ubuntu-MacBookPro ; Ubuntu 17.10 ; 17         ; x86_64         ;
; Assembler                 ; ubuntu-MacBookPro ; Ubuntu 17.10 ; 17         ; x86_64         ;
; MIF/HEX Update            ; ubuntu-MacBookPro ; Ubuntu 17.10 ; 17         ; x86_64         ;
; Assembler                 ; ubuntu-MacBookPro ; Ubuntu 17.10 ; 17         ; x86_64         ;
; MIF/HEX Update            ; ubuntu-MacBookPro ; Ubuntu 17.10 ; 17         ; x86_64         ;
; Assembler                 ; ubuntu-MacBookPro ; Ubuntu 17.10 ; 17         ; x86_64         ;
; MIF/HEX Update            ; ubuntu-MacBookPro ; Ubuntu 17.10 ; 17         ; x86_64         ;
; Assembler                 ; ubuntu-MacBookPro ; Ubuntu 17.10 ; 17         ; x86_64         ;
; MIF/HEX Update            ; ubuntu-MacBookPro ; Ubuntu 17.10 ; 17         ; x86_64         ;
; Assembler                 ; ubuntu-MacBookPro ; Ubuntu 17.10 ; 17         ; x86_64         ;
; MIF/HEX Update            ; ubuntu-MacBookPro ; Ubuntu 17.10 ; 17         ; x86_64         ;
; Assembler                 ; ubuntu-MacBookPro ; Ubuntu 17.10 ; 17         ; x86_64         ;
; MIF/HEX Update            ; ubuntu-MacBookPro ; Ubuntu 17.10 ; 17         ; x86_64         ;
; Assembler                 ; ubuntu-MacBookPro ; Ubuntu 17.10 ; 17         ; x86_64         ;
; MIF/HEX Update            ; ubuntu-MacBookPro ; Ubuntu 17.10 ; 17         ; x86_64         ;
; Assembler                 ; ubuntu-MacBookPro ; Ubuntu 17.10 ; 17         ; x86_64         ;
; MIF/HEX Update            ; ubuntu-MacBookPro ; Ubuntu 17.10 ; 17         ; x86_64         ;
; Assembler                 ; ubuntu-MacBookPro ; Ubuntu 17.10 ; 17         ; x86_64         ;
; MIF/HEX Update            ; ubuntu-MacBookPro ; Ubuntu 17.10 ; 17         ; x86_64         ;
; Assembler                 ; ubuntu-MacBookPro ; Ubuntu 17.10 ; 17         ; x86_64         ;
; MIF/HEX Update            ; ubuntu-MacBookPro ; Ubuntu 17.10 ; 17         ; x86_64         ;
; Assembler                 ; ubuntu-MacBookPro ; Ubuntu 17.10 ; 17         ; x86_64         ;
; MIF/HEX Update            ; ubuntu-MacBookPro ; Ubuntu 17.10 ; 17         ; x86_64         ;
; Assembler                 ; ubuntu-MacBookPro ; Ubuntu 17.10 ; 17         ; x86_64         ;
; MIF/HEX Update            ; ubuntu-MacBookPro ; Ubuntu 17.10 ; 17         ; x86_64         ;
; Assembler                 ; ubuntu-MacBookPro ; Ubuntu 17.10 ; 17         ; x86_64         ;
+---------------------------+-------------------+--------------+------------+----------------+


------------
; Flow Log ;
------------
quartus_map --read_settings_files=on --write_settings_files=off comp16 -c comp16
quartus_fit --read_settings_files=off --write_settings_files=off comp16 -c comp16
quartus_asm --read_settings_files=off --write_settings_files=off comp16 -c comp16
quartus_sta comp16 -c comp16
quartus_cdb comp16 -c comp16 --update_mif
quartus_asm --read_settings_files=on --write_settings_files=off comp16 -c comp16
quartus_cdb comp16 -c comp16 --update_mif
quartus_asm --read_settings_files=on --write_settings_files=off comp16 -c comp16
quartus_cdb comp16 -c comp16 --update_mif
quartus_asm --read_settings_files=on --write_settings_files=off comp16 -c comp16
quartus_cdb comp16 -c comp16 --update_mif
quartus_asm --read_settings_files=on --write_settings_files=off comp16 -c comp16
quartus_cdb comp16 -c comp16 --update_mif
quartus_asm --read_settings_files=on --write_settings_files=off comp16 -c comp16
quartus_cdb comp16 -c comp16 --update_mif
quartus_asm --read_settings_files=on --write_settings_files=off comp16 -c comp16
quartus_cdb comp16 -c comp16 --update_mif
quartus_asm --read_settings_files=on --write_settings_files=off comp16 -c comp16
quartus_cdb comp16 -c comp16 --update_mif
quartus_asm --read_settings_files=on --write_settings_files=off comp16 -c comp16
quartus_cdb comp16 -c comp16 --update_mif
quartus_asm --read_settings_files=on --write_settings_files=off comp16 -c comp16
quartus_cdb comp16 -c comp16 --update_mif
quartus_asm --read_settings_files=on --write_settings_files=off comp16 -c comp16
quartus_cdb comp16 -c comp16 --update_mif
quartus_asm --read_settings_files=on --write_settings_files=off comp16 -c comp16
quartus_cdb comp16 -c comp16 --update_mif
quartus_asm --read_settings_files=on --write_settings_files=off comp16 -c comp16
quartus_cdb comp16 -c comp16 --update_mif
quartus_asm --read_settings_files=on --write_settings_files=off comp16 -c comp16
quartus_cdb comp16 -c comp16 --update_mif
quartus_asm --read_settings_files=on --write_settings_files=off comp16 -c comp16
quartus_cdb comp16 -c comp16 --update_mif
quartus_asm --read_settings_files=on --write_settings_files=off comp16 -c comp16
quartus_cdb comp16 -c comp16 --update_mif
quartus_asm --read_settings_files=on --write_settings_files=off comp16 -c comp16
quartus_cdb comp16 -c comp16 --update_mif
quartus_asm --read_settings_files=on --write_settings_files=off comp16 -c comp16
quartus_cdb comp16 -c comp16 --update_mif
quartus_asm --read_settings_files=on --write_settings_files=off comp16 -c comp16
quartus_cdb comp16 -c comp16 --update_mif
quartus_asm --read_settings_files=on --write_settings_files=off comp16 -c comp16
quartus_cdb comp16 -c comp16 --update_mif
quartus_asm --read_settings_files=on --write_settings_files=off comp16 -c comp16
quartus_cdb comp16 -c comp16 --update_mif
quartus_asm --read_settings_files=on --write_settings_files=off comp16 -c comp16
quartus_cdb comp16 -c comp16 --update_mif
quartus_asm --read_settings_files=on --write_settings_files=off comp16 -c comp16
quartus_cdb comp16 -c comp16 --update_mif
quartus_asm --read_settings_files=on --write_settings_files=off comp16 -c comp16
quartus_cdb comp16 -c comp16 --update_mif
quartus_asm --read_settings_files=on --write_settings_files=off comp16 -c comp16
quartus_cdb comp16 -c comp16 --update_mif
quartus_asm --read_settings_files=on --write_settings_files=off comp16 -c comp16



